<?xml version="1.0" encoding="UTF-8"?>
<testsuite xmlns:xsi="http://www.w3.org/2001/XMLSchema-instance" xsi:noNamespaceSchemaLocation="https://maven.apache.org/surefire/maven-surefire-plugin/xsd/surefire-test-report-3.0.xsd" version="3.0" name="com.mycompany.bolsagen_00000267883.BolsaGenNumTest" time="0.104" tests="16" errors="0" skipped="0" failures="0">
  <properties>
    <property name="java.specification.version" value="24"/>
    <property name="sun.cpu.isalist" value="amd64"/>
    <property name="sun.jnu.encoding" value="Cp1252"/>
    <property name="java.class.path" value="C:\Users\ibarr\OneDrive\Documentos\NetBeansProjects\bolsaGen_00000267883\bin\test-classes;C:\Users\ibarr\OneDrive\Documentos\NetBeansProjects\bolsaGen_00000267883\bin\classes;C:\Users\ibarr\.m2\repository\org\junit\jupiter\junit-jupiter\5.10.0\junit-jupiter-5.10.0.jar;C:\Users\ibarr\.m2\repository\org\junit\jupiter\junit-jupiter-api\5.10.0\junit-jupiter-api-5.10.0.jar;C:\Users\ibarr\.m2\repository\org\opentest4j\opentest4j\1.3.0\opentest4j-1.3.0.jar;C:\Users\ibarr\.m2\repository\org\junit\platform\junit-platform-commons\1.10.0\junit-platform-commons-1.10.0.jar;C:\Users\ibarr\.m2\repository\org\apiguardian\apiguardian-api\1.1.2\apiguardian-api-1.1.2.jar;C:\Users\ibarr\.m2\repository\org\junit\jupiter\junit-jupiter-params\5.10.0\junit-jupiter-params-5.10.0.jar;C:\Users\ibarr\.m2\repository\org\junit\jupiter\junit-jupiter-engine\5.10.0\junit-jupiter-engine-5.10.0.jar;C:\Users\ibarr\.m2\repository\org\junit\platform\junit-platform-engine\1.10.0\junit-platform-engine-1.10.0.jar;"/>
    <property name="java.vm.vendor" value="Azul Systems, Inc."/>
    <property name="sun.arch.data.model" value="64"/>
    <property name="user.variant" value=""/>
    <property name="java.vendor.url" value="http://www.azul.com/"/>
    <property name="user.timezone" value="America/Hermosillo"/>
    <property name="os.name" value="Windows 11"/>
    <property name="java.vm.specification.version" value="24"/>
    <property name="user.country" value="MX"/>
    <property name="sun.java.launcher" value="SUN_STANDARD"/>
    <property name="sun.boot.library.path" value="C:\Program Files\Apache NetBeans\jdk\bin"/>
    <property name="sun.java.command" value="C:\Users\ibarr\AppData\Local\Temp\surefire7424335309512640985\surefirebooter-20250917231304118_3.jar C:\Users\ibarr\AppData\Local\Temp\surefire7424335309512640985 2025-09-17T23-13-03_900-jvmRun1 surefire-20250917231304118_1tmp surefire_0-20250917231304118_2tmp"/>
    <property name="jdk.debug" value="release"/>
    <property name="test" value="com.mycompany.bolsagen_00000267883.BolsaGenNumTest"/>
    <property name="surefire.test.class.path" value="C:\Users\ibarr\OneDrive\Documentos\NetBeansProjects\bolsaGen_00000267883\bin\test-classes;C:\Users\ibarr\OneDrive\Documentos\NetBeansProjects\bolsaGen_00000267883\bin\classes;C:\Users\ibarr\.m2\repository\org\junit\jupiter\junit-jupiter\5.10.0\junit-jupiter-5.10.0.jar;C:\Users\ibarr\.m2\repository\org\junit\jupiter\junit-jupiter-api\5.10.0\junit-jupiter-api-5.10.0.jar;C:\Users\ibarr\.m2\repository\org\opentest4j\opentest4j\1.3.0\opentest4j-1.3.0.jar;C:\Users\ibarr\.m2\repository\org\junit\platform\junit-platform-commons\1.10.0\junit-platform-commons-1.10.0.jar;C:\Users\ibarr\.m2\repository\org\apiguardian\apiguardian-api\1.1.2\apiguardian-api-1.1.2.jar;C:\Users\ibarr\.m2\repository\org\junit\jupiter\junit-jupiter-params\5.10.0\junit-jupiter-params-5.10.0.jar;C:\Users\ibarr\.m2\repository\org\junit\jupiter\junit-jupiter-engine\5.10.0\junit-jupiter-engine-5.10.0.jar;C:\Users\ibarr\.m2\repository\org\junit\platform\junit-platform-engine\1.10.0\junit-platform-engine-1.10.0.jar;"/>
    <property name="sun.cpu.endian" value="little"/>
    <property name="user.home" value="C:\Users\ibarr"/>
    <property name="user.language" value="es"/>
    <property name="java.specification.vendor" value="Oracle Corporation"/>
    <property name="java.version.date" value="2025-07-15"/>
    <property name="java.home" value="C:\Program Files\Apache NetBeans\jdk"/>
    <property name="file.separator" value="\"/>
    <property name="basedir" value="C:\Users\ibarr\OneDrive\Documentos\NetBeansProjects\bolsaGen_00000267883"/>
    <property name="java.vm.compressedOopsMode" value="Zero based"/>
    <property name="line.separator" value="&#10;"/>
    <property name="java.vm.specification.vendor" value="Oracle Corporation"/>
    <property name="java.specification.name" value="Java Platform API Specification"/>
    <property name="surefire.real.class.path" value="C:\Users\ibarr\AppData\Local\Temp\surefire7424335309512640985\surefirebooter-20250917231304118_3.jar"/>
    <property name="user.script" value=""/>
    <property name="sun.management.compiler" value="HotSpot 64-Bit Tiered Compilers"/>
    <property name="java.runtime.version" value="24.0.2+12"/>
    <property name="user.name" value="ibarr"/>
    <property name="stdout.encoding" value="Cp1252"/>
    <property name="path.separator" value=";"/>
    <property name="os.version" value="10.0"/>
    <property name="java.runtime.name" value="OpenJDK Runtime Environment"/>
    <property name="file.encoding" value="UTF-8"/>
    <property name="java.vm.name" value="OpenJDK 64-Bit Server VM"/>
    <property name="java.vendor.version" value="Zulu24.32+13-CA"/>
    <property name="maven.ext.class.path" value="C:\Program Files\Apache NetBeans\java\maven-nblib\netbeans-eventspy.jar"/>
    <property name="localRepository" value="C:\Users\ibarr\.m2\repository"/>
    <property name="java.vendor.url.bug" value="http://www.azul.com/support/"/>
    <property name="java.io.tmpdir" value="C:\Users\ibarr\AppData\Local\Temp\"/>
    <property name="java.version" value="24.0.2"/>
    <property name="user.dir" value="C:\Users\ibarr\OneDrive\Documentos\NetBeansProjects\bolsaGen_00000267883"/>
    <property name="os.arch" value="amd64"/>
    <property name="java.vm.specification.name" value="Java Virtual Machine Specification"/>
    <property name="sun.os.patch.level" value=""/>
    <property name="native.encoding" value="Cp1252"/>
    <property name="java.library.path" value="C:\Program Files\Apache NetBeans\jdk\bin;C:\WINDOWS\Sun\Java\bin;C:\WINDOWS\system32;C:\WINDOWS;C:\Program Files\Common Files\Oracle\Java\javapath;C:\WINDOWS\system32;C:\WINDOWS;C:\WINDOWS\System32\Wbem;C:\WINDOWS\System32\WindowsPowerShell\v1.0\;C:\WINDOWS\System32\OpenSSH\;C:\Program Files\NVIDIA Corporation\NVIDIA App\NvDLISR;C:\Program Files\nodejs\;C:\Program Files (x86)\NVIDIA Corporation\PhysX\Common;C:\Users\ibarr\AppData\Local\pnpm;C:\Users\ibarr\AppData\Local\Microsoft\WindowsApps;C:\Users\ibarr\AppData\Local\Programs\Microsoft VS Code\bin;C:\Users\ibarr\AppData\Roaming\npm;."/>
    <property name="java.vm.info" value="mixed mode, sharing"/>
    <property name="stderr.encoding" value="Cp1252"/>
    <property name="java.vendor" value="Azul Systems, Inc."/>
    <property name="java.vm.version" value="24.0.2+12"/>
    <property name="sun.io.unicode.encoding" value="UnicodeLittle"/>
    <property name="java.class.version" value="68.0"/>
  </properties>
  <testcase name="testConTiposNumericos" classname="com.mycompany.bolsagen_00000267883.BolsaGenNumTest" time="0.034"/>
  <testcase name="testMayoresNingunElementoMayor" classname="com.mycompany.bolsagen_00000267883.BolsaGenNumTest" time="0.001"/>
  <testcase name="testMayoresUnElemento" classname="com.mycompany.bolsagen_00000267883.BolsaGenNumTest" time="0.002"/>
  <testcase name="testFuncionalidadHeredada" classname="com.mycompany.bolsagen_00000267883.BolsaGenNumTest" time="0.002"/>
  <testcase name="testSumaUnElemento" classname="com.mycompany.bolsagen_00000267883.BolsaGenNumTest" time="0.001"/>
  <testcase name="testPromedioElementosValidos" classname="com.mycompany.bolsagen_00000267883.BolsaGenNumTest" time="0.002"/>
  <testcase name="testMayoresElementosValidos" classname="com.mycompany.bolsagen_00000267883.BolsaGenNumTest" time="0.001"/>
  <testcase name="testSumaNumerosNegativos" classname="com.mycompany.bolsagen_00000267883.BolsaGenNumTest" time="0.001"/>
  <testcase name="testConstructorCapacidadNegativa" classname="com.mycompany.bolsagen_00000267883.BolsaGenNumTest" time="0.003"/>
  <testcase name="testPromedioBolsaVacia" classname="com.mycompany.bolsagen_00000267883.BolsaGenNumTest" time="0.001"/>
  <testcase name="testAgregarElementoBolsaLlena" classname="com.mycompany.bolsagen_00000267883.BolsaGenNumTest" time="0.001"/>
  <testcase name="testMayoresBolsaVacia" classname="com.mycompany.bolsagen_00000267883.BolsaGenNumTest" time="0.002"/>
  <testcase name="testFuncionalidadCompletaMatematica" classname="com.mycompany.bolsagen_00000267883.BolsaGenNumTest" time="0.001"/>
  <testcase name="testSumaBolsaVacia" classname="com.mycompany.bolsagen_00000267883.BolsaGenNumTest" time="0.001"/>
  <testcase name="testPromedioUnElemento" classname="com.mycompany.bolsagen_00000267883.BolsaGenNumTest" time="0.0"/>
  <testcase name="testSumaElementosValidos" classname="com.mycompany.bolsagen_00000267883.BolsaGenNumTest" time="0.001"/>
</testsuite>